<?xml version="1.0" encoding="UTF-8"?>
<!-- Generated by org.testng.reporters.JUnitReportReporter -->
<testsuite skipped="0" hostname="surya-ThinkPad-T520" name="baseTest.baseTestCase" tests="1" failures="0" timestamp="30 Jun 2021 03:58:20 GMT" time="0.005" errors="0">
  <testcase name="utilsTest" time="0.005" classname="baseTest.baseTestCase"/>
</testsuite> <!-- baseTest.baseTestCase -->
