<?xml version="1.0" encoding="UTF-8"?>
<!-- Generated by org.testng.reporters.JUnitReportReporter -->
<testsuite skipped="0" hostname="surya-ThinkPad-T520" name="enquiryAPI.getEnquiry" tests="2" failures="0" timestamp="30 Jun 2021 10:39:51 GMT" time="2.106" errors="0">
  <testcase name="utilsTest" time="0.006" classname="enquiryAPI.getEnquiry"/>
  <testcase name="getEnquiryTest" time="2.100" classname="enquiryAPI.getEnquiry"/>
</testsuite> <!-- enquiryAPI.getEnquiry -->
