<?xml version="1.0" encoding="UTF-8"?>
<!-- Generated by org.testng.reporters.JUnitReportReporter -->
<testsuite hostname="surya-ThinkPad-T520" failures="0" tests="2" name="enquiryAPI.getEnquiry" time="17.897" errors="0" timestamp="2021-07-10T13:15:44 IST" skipped="0">
  <testcase classname="enquiryAPI.getEnquiry" name="utilsTest" time="0.011"/>
  <system-out/>
  <testcase classname="enquiryAPI.getEnquiry" name="getEnquiryTest" time="17.886"/>
  <system-out/>
</testsuite> <!-- enquiryAPI.getEnquiry -->
