<?xml version="1.0" encoding="UTF-8"?>
<!-- Generated by org.testng.reporters.JUnitReportReporter -->
<testsuite hostname="surya-ThinkPad-T520" failures="0" tests="1" name="baseTest.baseTestCase" time="63.130" errors="0" timestamp="2021-07-11T12:14:50 IST" skipped="0">
  <testcase classname="baseTest.baseTestCase" name="BaseTest" time="63.130"/>
  <system-out/>
</testsuite> <!-- baseTest.baseTestCase -->
