<?xml version="1.0" encoding="UTF-8"?>
<!-- Generated by org.testng.reporters.JUnitReportReporter -->
<testsuite hostname="surya-ThinkPad-T520" failures="0" tests="3" name="enquiryAPI.TC001_CreateEnquiry" time="3.956" errors="0" timestamp="2021-07-05T17:39:53 IST" skipped="0">
  <testcase classname="enquiryAPI.TC001_CreateEnquiry" name="isMedplusUser" time="0.328"/>
  <system-out/>
  <testcase classname="enquiryAPI.TC001_CreateEnquiry" name="isMedplusUser" time="2.712"/>
  <system-out/>
  <testcase classname="enquiryAPI.TC001_CreateEnquiry" name="isMedplusUser" time="0.916"/>
  <system-out/>
</testsuite> <!-- enquiryAPI.TC001_CreateEnquiry -->
